<?xml version="1.0" encoding="UTF-8"?>
<robot generator="Robot 5.0 (Python 3.10.2 on win32)" generated="20220412 03:37:23.415" rpa="false" schemaversion="3">
<suite id="s1" name="LoginTest" source="H:\Python_Projects\RobotPOM\TestCases\LoginTest.robot">
<test id="s1-t1" name="LoginTest" line="12">
<kw name="Open My Browser" library="LoginKeywords">
<arg>${SiteURL}</arg>
<arg>${Browser}</arg>
<kw name="Open Browser" library="SeleniumLibrary">
<arg>${SiteURL}</arg>
<arg>${Browser}</arg>
<doc>Opens a new browser instance to the optional ``url``.</doc>
<msg timestamp="20220412 03:37:23.588" level="INFO">Opening browser 'Chrome' to base url 'https://demo.guru99.com/test/newtours/index.php'.</msg>
<status status="PASS" starttime="20220412 03:37:23.588" endtime="20220412 03:37:28.511"/>
</kw>
<kw name="Maximize Browser Window" library="SeleniumLibrary">
<doc>Maximizes current browser window.</doc>
<status status="PASS" starttime="20220412 03:37:28.511" endtime="20220412 03:37:28.634"/>
</kw>
<status status="PASS" starttime="20220412 03:37:23.587" endtime="20220412 03:37:28.634"/>
</kw>
<kw name="Enter UserName" library="LoginKeywords">
<arg>${user}</arg>
<kw name="Input Text" library="SeleniumLibrary">
<arg>${txt_loginUserName}</arg>
<arg>${username}</arg>
<doc>Types the given ``text`` into the text field identified by ``locator``.</doc>
<msg timestamp="20220412 03:37:28.635" level="INFO">Typing text 'raihanshoumik@gmail.com' into text field 'name:userName'.</msg>
<status status="PASS" starttime="20220412 03:37:28.634" endtime="20220412 03:37:28.733"/>
</kw>
<status status="PASS" starttime="20220412 03:37:28.634" endtime="20220412 03:37:28.733"/>
</kw>
<kw name="Enter Password" library="LoginKeywords">
<arg>${pwd}</arg>
<kw name="Input Text" library="SeleniumLibrary">
<arg>${txt_loginPassword}</arg>
<arg>${password}</arg>
<doc>Types the given ``text`` into the text field identified by ``locator``.</doc>
<msg timestamp="20220412 03:37:28.734" level="INFO">Typing text '123' into text field 'name:password'.</msg>
<status status="PASS" starttime="20220412 03:37:28.734" endtime="20220412 03:37:28.789"/>
</kw>
<status status="PASS" starttime="20220412 03:37:28.734" endtime="20220412 03:37:28.789"/>
</kw>
<kw name="Click SignIn" library="LoginKeywords">
<kw name="Click Button" library="SeleniumLibrary">
<arg>${btn_signIn}</arg>
<doc>Clicks the button identified by ``locator``.</doc>
<msg timestamp="20220412 03:37:28.790" level="INFO">Clicking button 'name:submit'.</msg>
<status status="PASS" starttime="20220412 03:37:28.790" endtime="20220412 03:37:31.068"/>
</kw>
<status status="PASS" starttime="20220412 03:37:28.790" endtime="20220412 03:37:31.068"/>
</kw>
<kw name="Sleep" library="BuiltIn">
<arg>3 seconds</arg>
<doc>Pauses the test executed for the given time.</doc>
<msg timestamp="20220412 03:37:34.084" level="INFO">Slept 3 seconds</msg>
<status status="PASS" starttime="20220412 03:37:31.068" endtime="20220412 03:37:34.084"/>
</kw>
<kw name="Verify Successful Login" library="LoginKeywords">
<kw name="Title Should Be" library="SeleniumLibrary">
<arg>Login: Mercury Tours</arg>
<doc>Verifies that the current page title equals ``title``.</doc>
<msg timestamp="20220412 03:37:34.090" level="INFO">Page title is 'Login: Mercury Tours'.</msg>
<status status="PASS" starttime="20220412 03:37:34.084" endtime="20220412 03:37:34.090"/>
</kw>
<status status="PASS" starttime="20220412 03:37:34.084" endtime="20220412 03:37:34.090"/>
</kw>
<kw name="Close My Browsers" library="LoginKeywords">
<kw name="Close All Browsers" library="SeleniumLibrary">
<doc>Closes all open browsers and resets the browser cache.</doc>
<status status="PASS" starttime="20220412 03:37:34.091" endtime="20220412 03:37:36.262"/>
</kw>
<status status="PASS" starttime="20220412 03:37:34.090" endtime="20220412 03:37:36.262"/>
</kw>
<status status="PASS" starttime="20220412 03:37:23.587" endtime="20220412 03:37:36.262"/>
</test>
<status status="PASS" starttime="20220412 03:37:23.416" endtime="20220412 03:37:36.263"/>
</suite>
<statistics>
<total>
<stat pass="1" fail="0" skip="0">All Tests</stat>
</total>
<tag>
</tag>
<suite>
<stat pass="1" fail="0" skip="0" id="s1" name="LoginTest">LoginTest</stat>
</suite>
</statistics>
<errors>
</errors>
</robot>
